# JRE version: OpenJDK Runtime Environment Temurin-21.0.11+10 (21.0.11+10) (build 21.0.11+10-LTS)
# Java VM: OpenJDK 64-Bit Server VM Temurin-21.0.11+10 (21.0.11+10-LTS, mixed mode, sharing, tiered, compressed oops, compressed class ptrs, g1 gc, windows-amd64)
GC Precious Log:
 CardTable entry size: 512
 Card Set container configuration: InlinePtr #cards 4 size 8 Array Of Cards #cards 16 size 48 Howl #buckets 8 coarsen threshold 3686 Howl Bitmap #cards 512 size 80 coarsen threshold 460 Card regions per heap region 1 cards per card region 4096
 CPUs: 12 total, 12 available
 Memory: 16068M
 Large Page Support: Disabled
 NUMA Support: Disabled
 Compressed Oops: Enabled (Zero based)
 Heap Region Size: 2M
 Heap Min Capacity: 8M
 Heap Initial Capacity: 252M
 Heap Max Capacity: 4018M
 Pre-touch: Disabled
 Parallel Workers: 10
 Concurrent Workers: 3
 Concurrent Refinement Workers: 10
 Periodic GC: Disabled
Heap:
 garbage-first heap   total 178176K, used 103919K [0x0000000704e00000, 0x0000000800000000)
  region size 2048K, 28 young (57344K), 2 survivors (4096K)
 Metaspace       used 110938K, committed 112832K, reserved 1179648K
  class space    used 13813K, committed 14720K, reserved 1048576K
GC Heap History (20 events):
Event: 6220.554 GC heap before
{Heap before GC invocations=114 (full 16):
 garbage-first heap   total 188416K, used 171904K [0x0000000704e00000, 0x0000000800000000)
  region size 2048K, 35 young (71680K), 2 survivors (4096K)
 Metaspace       used 110806K, committed 112512K, reserved 1179648K
  class space    used 13900K, committed 14720K, reserved 1048576K
}
Event: 6220.563 GC heap after
{Heap after GC invocations=115 (full 16):
 garbage-first heap   total 188416K, used 104298K [0x0000000704e00000, 0x0000000800000000)
  region size 2048K, 2 young (4096K), 2 survivors (4096K)
 Metaspace       used 110806K, committed 112512K, reserved 1179648K
  class space    used 13900K, committed 14720K, reserved 1048576K
}
Event: 6868.353 GC heap before
{Heap before GC invocations=116 (full 16):
 garbage-first heap   total 188416K, used 171882K [0x0000000704e00000, 0x0000000800000000)
  region size 2048K, 35 young (71680K), 2 survivors (4096K)
 Metaspace       used 110650K, committed 112512K, reserved 1179648K
  class space    used 13861K, committed 14720K, reserved 1048576K
}
Event: 6868.365 GC heap after
{Heap after GC invocations=117 (full 16):
 garbage-first heap   total 188416K, used 104294K [0x0000000704e00000, 0x0000000800000000)
  region size 2048K, 2 young (4096K), 2 survivors (4096K)
 Metaspace       used 110650K, committed 112512K, reserved 1179648K
  class space    used 13861K, committed 14720K, reserved 1048576K
}
Event: 7457.104 GC heap before
{Heap before GC invocations=117 (full 16):
 garbage-first heap   total 188416K, used 171878K [0x0000000704e00000, 0x0000000800000000)
  region size 2048K, 35 young (71680K), 2 survivors (4096K)
 Metaspace       used 110665K, committed 112576K, reserved 1179648K
  class space    used 13861K, committed 14720K, reserved 1048576K
}
Event: 7457.115 GC heap after
{Heap after GC invocations=118 (full 16):
 garbage-first heap   total 188416K, used 85785K [0x0000000704e00000, 0x0000000800000000)
  region size 2048K, 3 young (6144K), 3 survivors (6144K)
 Metaspace       used 110665K, committed 112576K, reserved 1179648K
  class space    used 13861K, committed 14720K, reserved 1048576K
}
Event: 8254.561 GC heap before
{Heap before GC invocations=118 (full 16):
 garbage-first heap   total 188416K, used 169753K [0x0000000704e00000, 0x0000000800000000)
  region size 2048K, 45 young (92160K), 3 survivors (6144K)
 Metaspace       used 110705K, committed 112576K, reserved 1179648K
  class space    used 13861K, committed 14720K, reserved 1048576K
}
Event: 8254.578 GC heap after
{Heap after GC invocations=119 (full 16):
 garbage-first heap   total 188416K, used 80346K [0x0000000704e00000, 0x0000000800000000)
  region size 2048K, 2 young (4096K), 2 survivors (4096K)
 Metaspace       used 110705K, committed 112576K, reserved 1179648K
  class space    used 13861K, committed 14720K, reserved 1048576K
}
Event: 9085.171 GC heap before
{Heap before GC invocations=119 (full 16):
 garbage-first heap   total 188416K, used 172506K [0x0000000704e00000, 0x0000000800000000)
  region size 2048K, 47 young (96256K), 2 survivors (4096K)
 Metaspace       used 110816K, committed 112640K, reserved 1179648K
  class space    used 13862K, committed 14720K, reserved 1048576K
}
Event: 9085.195 GC heap after
{Heap after GC invocations=120 (full 16):
 garbage-first heap   total 188416K, used 71921K [0x0000000704e00000, 0x0000000800000000)
  region size 2048K, 3 young (6144K), 3 survivors (6144K)
 Metaspace       used 110816K, committed 112640K, reserved 1179648K
  class space    used 13862K, committed 14720K, reserved 1048576K
}
Event: 9961.781 GC heap before
{Heap before GC invocations=120 (full 16):
 garbage-first heap   total 188416K, used 170225K [0x0000000704e00000, 0x0000000800000000)
  region size 2048K, 51 young (104448K), 3 survivors (6144K)
 Metaspace       used 110844K, committed 112640K, reserved 1179648K
  class space    used 13862K, committed 14720K, reserved 1048576K
}
Event: 9961.805 GC heap after
{Heap after GC invocations=121 (full 16):
 garbage-first heap   total 188416K, used 71721K [0x0000000704e00000, 0x0000000800000000)
  region size 2048K, 2 young (4096K), 2 survivors (4096K)
 Metaspace       used 110844K, committed 112640K, reserved 1179648K
  class space    used 13862K, committed 14720K, reserved 1048576K
}
Event: 13662.730 GC heap before
{Heap before GC invocations=122 (full 16):
 garbage-first heap   total 188416K, used 172073K [0x0000000704e00000, 0x0000000800000000)
  region size 2048K, 51 young (104448K), 2 survivors (4096K)
 Metaspace       used 110640K, committed 112640K, reserved 1179648K
  class space    used 13812K, committed 14720K, reserved 1048576K
}
Event: 13662.770 GC heap after
{Heap after GC invocations=123 (full 16):
 garbage-first heap   total 188416K, used 71852K [0x0000000704e00000, 0x0000000800000000)
  region size 2048K, 2 young (4096K), 2 survivors (4096K)
 Metaspace       used 110640K, committed 112640K, reserved 1179648K
  class space    used 13812K, committed 14720K, reserved 1048576K
}
Event: 14616.729 GC heap before
{Heap before GC invocations=123 (full 16):
 garbage-first heap   total 188416K, used 172204K [0x0000000704e00000, 0x0000000800000000)
  region size 2048K, 51 young (104448K), 2 survivors (4096K)
 Metaspace       used 110658K, committed 112640K, reserved 1179648K
  class space    used 13812K, committed 14720K, reserved 1048576K
}
Event: 14616.785 GC heap after
{Heap after GC invocations=124 (full 16):
 garbage-first heap   total 188416K, used 55702K [0x0000000704e00000, 0x0000000800000000)
  region size 2048K, 3 young (6144K), 3 survivors (6144K)
 Metaspace       used 110658K, committed 112640K, reserved 1179648K
  class space    used 13812K, committed 14720K, reserved 1048576K
}
Event: 15567.450 GC heap before
{Heap before GC invocations=124 (full 16):
 garbage-first heap   total 188416K, used 162198K [0x0000000704e00000, 0x0000000800000000)
  region size 2048K, 55 young (112640K), 3 survivors (6144K)
 Metaspace       used 110927K, committed 112832K, reserved 1179648K
  class space    used 13812K, committed 14720K, reserved 1048576K
}
Event: 15567.477 GC heap after
{Heap after GC invocations=125 (full 16):
 garbage-first heap   total 188416K, used 52821K [0x0000000704e00000, 0x0000000800000000)
  region size 2048K, 2 young (4096K), 2 survivors (4096K)
 Metaspace       used 110927K, committed 112832K, reserved 1179648K
  class space    used 13812K, committed 14720K, reserved 1048576K
}
Event: 16566.594 GC heap before
{Heap before GC invocations=125 (full 16):
 garbage-first heap   total 188416K, used 161365K [0x0000000704e00000, 0x0000000800000000)
  region size 2048K, 55 young (112640K), 2 survivors (4096K)
 Metaspace       used 110930K, committed 112832K, reserved 1179648K
  class space    used 13812K, committed 14720K, reserved 1048576K
}
Event: 16566.649 GC heap after
{Heap after GC invocations=126 (full 16):
 garbage-first heap   total 188416K, used 52719K [0x0000000704e00000, 0x0000000800000000)
  region size 2048K, 2 young (4096K), 2 survivors (4096K)
 Metaspace       used 110930K, committed 112832K, reserved 1179648K
  class space    used 13812K, committed 14720K, reserved 1048576K
}

