# JRE version: OpenJDK Runtime Environment Temurin-21.0.11+10 (21.0.11+10) (build 21.0.11+10-LTS)
# Java VM: OpenJDK 64-Bit Server VM Temurin-21.0.11+10 (21.0.11+10-LTS, mixed mode, sharing, tiered, compressed oops, compressed class ptrs, g1 gc, windows-amd64)
GC Precious Log:
 CardTable entry size: 512
 Card Set container configuration: InlinePtr #cards 4 size 8 Array Of Cards #cards 16 size 48 Howl #buckets 8 coarsen threshold 3686 Howl Bitmap #cards 512 size 80 coarsen threshold 460 Card regions per heap region 1 cards per card region 4096
 CPUs: 12 total, 12 available
 Memory: 16068M
 Large Page Support: Disabled
 NUMA Support: Disabled
 Compressed Oops: Enabled (Zero based)
 Heap Region Size: 2M
 Heap Min Capacity: 8M
 Heap Initial Capacity: 252M
 Heap Max Capacity: 4018M
 Pre-touch: Disabled
 Parallel Workers: 10
 Concurrent Workers: 3
 Concurrent Refinement Workers: 10
 Periodic GC: Disabled
Heap:
 garbage-first heap   total 94208K, used 40854K [0x0000000704e00000, 0x0000000800000000)
  region size 2048K, 3 young (6144K), 0 survivors (0K)
 Metaspace       used 90958K, committed 91968K, reserved 1179648K
  class space    used 12607K, committed 13056K, reserved 1048576K
GC Heap History (20 events):
Event: 52.255 GC heap before
{Heap before GC invocations=19 (full 0):
 garbage-first heap   total 67584K, used 59502K [0x0000000704e00000, 0x0000000800000000)
  region size 2048K, 12 young (24576K), 1 survivors (2048K)
 Metaspace       used 79475K, committed 80320K, reserved 1179648K
  class space    used 11051K, committed 11456K, reserved 1048576K
}
Event: 52.261 GC heap after
{Heap after GC invocations=20 (full 0):
 garbage-first heap   total 67584K, used 39238K [0x0000000704e00000, 0x0000000800000000)
  region size 2048K, 2 young (4096K), 2 survivors (4096K)
 Metaspace       used 79475K, committed 80320K, reserved 1179648K
  class space    used 11051K, committed 11456K, reserved 1048576K
}
Event: 52.499 GC heap before
{Heap before GC invocations=20 (full 0):
 garbage-first heap   total 67584K, used 57670K [0x0000000704e00000, 0x0000000800000000)
  region size 2048K, 11 young (22528K), 2 survivors (4096K)
 Metaspace       used 80143K, committed 81024K, reserved 1179648K
  class space    used 11139K, committed 11520K, reserved 1048576K
}
Event: 52.503 GC heap after
{Heap after GC invocations=21 (full 0):
 garbage-first heap   total 67584K, used 42681K [0x0000000704e00000, 0x0000000800000000)
  region size 2048K, 2 young (4096K), 2 survivors (4096K)
 Metaspace       used 80143K, committed 81024K, reserved 1179648K
  class space    used 11139K, committed 11520K, reserved 1048576K
}
Event: 52.611 GC heap before
{Heap before GC invocations=22 (full 0):
 garbage-first heap   total 75776K, used 57017K [0x0000000704e00000, 0x0000000800000000)
  region size 2048K, 9 young (18432K), 2 survivors (4096K)
 Metaspace       used 80331K, committed 81152K, reserved 1179648K
  class space    used 11152K, committed 11520K, reserved 1048576K
}
Event: 52.615 GC heap after
{Heap after GC invocations=23 (full 0):
 garbage-first heap   total 75776K, used 45446K [0x0000000704e00000, 0x0000000800000000)
  region size 2048K, 2 young (4096K), 2 survivors (4096K)
 Metaspace       used 80331K, committed 81152K, reserved 1179648K
  class space    used 11152K, committed 11520K, reserved 1048576K
}
Event: 52.658 GC heap before
{Heap before GC invocations=23 (full 0):
 garbage-first heap   total 75776K, used 63878K [0x0000000704e00000, 0x0000000800000000)
  region size 2048K, 11 young (22528K), 2 survivors (4096K)
 Metaspace       used 80371K, committed 81216K, reserved 1179648K
  class space    used 11154K, committed 11520K, reserved 1048576K
}
Event: 52.662 GC heap after
{Heap after GC invocations=24 (full 0):
 garbage-first heap   total 94208K, used 43877K [0x0000000704e00000, 0x0000000800000000)
  region size 2048K, 1 young (2048K), 1 survivors (2048K)
 Metaspace       used 80371K, committed 81216K, reserved 1179648K
  class space    used 11154K, committed 11520K, reserved 1048576K
}
Event: 52.718 GC heap before
{Heap before GC invocations=24 (full 0):
 garbage-first heap   total 94208K, used 76645K [0x0000000704e00000, 0x0000000800000000)
  region size 2048K, 17 young (34816K), 1 survivors (2048K)
 Metaspace       used 80379K, committed 81216K, reserved 1179648K
  class space    used 11154K, committed 11520K, reserved 1048576K
}
Event: 52.721 GC heap after
{Heap after GC invocations=25 (full 0):
 garbage-first heap   total 94208K, used 44309K [0x0000000704e00000, 0x0000000800000000)
  region size 2048K, 1 young (2048K), 1 survivors (2048K)
 Metaspace       used 80379K, committed 81216K, reserved 1179648K
  class space    used 11154K, committed 11520K, reserved 1048576K
}
Event: 53.246 GC heap before
{Heap before GC invocations=26 (full 0):
 garbage-first heap   total 94208K, used 79125K [0x0000000704e00000, 0x0000000800000000)
  region size 2048K, 18 young (36864K), 1 survivors (2048K)
 Metaspace       used 83654K, committed 84608K, reserved 1179648K
  class space    used 11611K, committed 12032K, reserved 1048576K
}
Event: 53.250 GC heap after
{Heap after GC invocations=27 (full 0):
 garbage-first heap   total 94208K, used 46355K [0x0000000704e00000, 0x0000000800000000)
  region size 2048K, 2 young (4096K), 2 survivors (4096K)
 Metaspace       used 83654K, committed 84608K, reserved 1179648K
  class space    used 11611K, committed 12032K, reserved 1048576K
}
Event: 54.144 GC heap before
{Heap before GC invocations=27 (full 0):
 garbage-first heap   total 94208K, used 79123K [0x0000000704e00000, 0x0000000800000000)
  region size 2048K, 19 young (38912K), 2 survivors (4096K)
 Metaspace       used 87614K, committed 88576K, reserved 1179648K
  class space    used 12188K, committed 12608K, reserved 1048576K
}
Event: 54.150 GC heap after
{Heap after GC invocations=28 (full 0):
 garbage-first heap   total 94208K, used 49370K [0x0000000704e00000, 0x0000000800000000)
  region size 2048K, 3 young (6144K), 3 survivors (6144K)
 Metaspace       used 87614K, committed 88576K, reserved 1179648K
  class space    used 12188K, committed 12608K, reserved 1048576K
}
Event: 180.574 GC heap before
{Heap before GC invocations=28 (full 0):
 garbage-first heap   total 94208K, used 78042K [0x0000000704e00000, 0x0000000800000000)
  region size 2048K, 18 young (36864K), 3 survivors (6144K)
 Metaspace       used 90453K, committed 91520K, reserved 1179648K
  class space    used 12578K, committed 13056K, reserved 1048576K
}
Event: 180.602 GC heap after
{Heap after GC invocations=29 (full 0):
 garbage-first heap   total 94208K, used 51191K [0x0000000704e00000, 0x0000000800000000)
  region size 2048K, 1 young (2048K), 1 survivors (2048K)
 Metaspace       used 90453K, committed 91520K, reserved 1179648K
  class space    used 12578K, committed 13056K, reserved 1048576K
}
Event: 437.910 GC heap before
{Heap before GC invocations=30 (full 0):
 garbage-first heap   total 94208K, used 81911K [0x0000000704e00000, 0x0000000800000000)
  region size 2048K, 16 young (32768K), 1 survivors (2048K)
 Metaspace       used 90688K, committed 91712K, reserved 1179648K
  class space    used 12584K, committed 13056K, reserved 1048576K
}
Event: 437.919 GC heap after
{Heap after GC invocations=31 (full 0):
 garbage-first heap   total 94208K, used 51770K [0x0000000704e00000, 0x0000000800000000)
  region size 2048K, 2 young (4096K), 2 survivors (4096K)
 Metaspace       used 90688K, committed 91712K, reserved 1179648K
  class space    used 12584K, committed 13056K, reserved 1048576K
}
Event: 638.289 GC heap before
{Heap before GC invocations=31 (full 0):
 garbage-first heap   total 94208K, used 78394K [0x0000000704e00000, 0x0000000800000000)
  region size 2048K, 16 young (32768K), 2 survivors (4096K)
 Metaspace       used 90909K, committed 91968K, reserved 1179648K
  class space    used 12606K, committed 13056K, reserved 1048576K
}
Event: 638.432 GC heap after
{Heap after GC invocations=32 (full 1):
 garbage-first heap   total 94208K, used 36758K [0x0000000704e00000, 0x0000000800000000)
  region size 2048K, 0 young (0K), 0 survivors (0K)
 Metaspace       used 90909K, committed 91968K, reserved 1179648K
  class space    used 12606K, committed 13056K, reserved 1048576K
}

